<?xml version="1.0" encoding="UTF-8"?>
<testsuite xmlns:xsi="http://www.w3.org/2001/XMLSchema-instance" xsi:noNamespaceSchemaLocation="https://maven.apache.org/surefire/maven-surefire-plugin/xsd/surefire-test-report-3.0.xsd" version="3.0" name="BersaniChiappiniFraschini.CKBApplicationServer.battle.GetBattleTest" time="4.076" tests="3" errors="0" skipped="0" failures="0">
  <properties>
    <property name="java.specification.version" value="20"/>
    <property name="sun.cpu.isalist" value="amd64"/>
    <property name="sun.jnu.encoding" value="Cp1252"/>
    <property name="java.class.path" value="C:\Users\andre\Desktop\CKBApplicationServer\target\test-classes;C:\Users\andre\Desktop\CKBApplicationServer\target\classes;C:\Users\andre\.m2\repository\org\springframework\boot\spring-boot-starter-data-mongodb\3.2.2\spring-boot-starter-data-mongodb-3.2.2.jar;C:\Users\andre\.m2\repository\org\springframework\boot\spring-boot-starter\3.2.2\spring-boot-starter-3.2.2.jar;C:\Users\andre\.m2\repository\org\springframework\boot\spring-boot\3.2.2\spring-boot-3.2.2.jar;C:\Users\andre\.m2\repository\org\springframework\boot\spring-boot-autoconfigure\3.2.2\spring-boot-autoconfigure-3.2.2.jar;C:\Users\andre\.m2\repository\org\springframework\boot\spring-boot-starter-logging\3.2.2\spring-boot-starter-logging-3.2.2.jar;C:\Users\andre\.m2\repository\ch\qos\logback\logback-classic\1.4.14\logback-classic-1.4.14.jar;C:\Users\andre\.m2\repository\ch\qos\logback\logback-core\1.4.14\logback-core-1.4.14.jar;C:\Users\andre\.m2\repository\org\apache\logging\log4j\log4j-to-slf4j\2.21.1\log4j-to-slf4j-2.21.1.jar;C:\Users\andre\.m2\repository\org\apache\logging\log4j\log4j-api\2.21.1\log4j-api-2.21.1.jar;C:\Users\andre\.m2\repository\org\slf4j\jul-to-slf4j\2.0.11\jul-to-slf4j-2.0.11.jar;C:\Users\andre\.m2\repository\jakarta\annotation\jakarta.annotation-api\2.1.1\jakarta.annotation-api-2.1.1.jar;C:\Users\andre\.m2\repository\org\yaml\snakeyaml\2.2\snakeyaml-2.2.jar;C:\Users\andre\.m2\repository\org\mongodb\mongodb-driver-sync\4.11.1\mongodb-driver-sync-4.11.1.jar;C:\Users\andre\.m2\repository\org\mongodb\bson\4.11.1\bson-4.11.1.jar;C:\Users\andre\.m2\repository\org\mongodb\mongodb-driver-core\4.11.1\mongodb-driver-core-4.11.1.jar;C:\Users\andre\.m2\repository\org\mongodb\bson-record-codec\4.11.1\bson-record-codec-4.11.1.jar;C:\Users\andre\.m2\repository\org\springframework\data\spring-data-mongodb\4.2.2\spring-data-mongodb-4.2.2.jar;C:\Users\andre\.m2\repository\org\springframework\spring-tx\6.1.3\spring-tx-6.1.3.jar;C:\Users\andre\.m2\repository\org\springframework\spring-context\6.1.3\spring-context-6.1.3.jar;C:\Users\andre\.m2\repository\org\springframework\spring-beans\6.1.3\spring-beans-6.1.3.jar;C:\Users\andre\.m2\repository\org\springframework\spring-expression\6.1.3\spring-expression-6.1.3.jar;C:\Users\andre\.m2\repository\org\springframework\data\spring-data-commons\3.2.2\spring-data-commons-3.2.2.jar;C:\Users\andre\.m2\repository\org\springframework\boot\spring-boot-starter-security\3.2.2\spring-boot-starter-security-3.2.2.jar;C:\Users\andre\.m2\repository\org\springframework\spring-aop\6.1.3\spring-aop-6.1.3.jar;C:\Users\andre\.m2\repository\org\springframework\security\spring-security-config\6.2.1\spring-security-config-6.2.1.jar;C:\Users\andre\.m2\repository\org\springframework\security\spring-security-web\6.2.1\spring-security-web-6.2.1.jar;C:\Users\andre\.m2\repository\org\springframework\boot\spring-boot-starter-web\3.2.2\spring-boot-starter-web-3.2.2.jar;C:\Users\andre\.m2\repository\org\springframework\boot\spring-boot-starter-json\3.2.2\spring-boot-starter-json-3.2.2.jar;C:\Users\andre\.m2\repository\com\fasterxml\jackson\datatype\jackson-datatype-jdk8\2.15.3\jackson-datatype-jdk8-2.15.3.jar;C:\Users\andre\.m2\repository\com\fasterxml\jackson\datatype\jackson-datatype-jsr310\2.15.3\jackson-datatype-jsr310-2.15.3.jar;C:\Users\andre\.m2\repository\com\fasterxml\jackson\module\jackson-module-parameter-names\2.15.3\jackson-module-parameter-names-2.15.3.jar;C:\Users\andre\.m2\repository\org\springframework\boot\spring-boot-starter-tomcat\3.2.2\spring-boot-starter-tomcat-3.2.2.jar;C:\Users\andre\.m2\repository\org\apache\tomcat\embed\tomcat-embed-core\10.1.18\tomcat-embed-core-10.1.18.jar;C:\Users\andre\.m2\repository\org\apache\tomcat\embed\tomcat-embed-el\10.1.18\tomcat-embed-el-10.1.18.jar;C:\Users\andre\.m2\repository\org\apache\tomcat\embed\tomcat-embed-websocket\10.1.18\tomcat-embed-websocket-10.1.18.jar;C:\Users\andre\.m2\repository\org\springframework\spring-web\6.1.3\spring-web-6.1.3.jar;C:\Users\andre\.m2\repository\io\micrometer\micrometer-observation\1.12.2\micrometer-observation-1.12.2.jar;C:\Users\andre\.m2\repository\io\micrometer\micrometer-commons\1.12.2\micrometer-commons-1.12.2.jar;C:\Users\andre\.m2\repository\org\springframework\spring-webmvc\6.1.3\spring-webmvc-6.1.3.jar;C:\Users\andre\.m2\repository\org\springframework\boot\spring-boot-starter-mail\3.2.2\spring-boot-starter-mail-3.2.2.jar;C:\Users\andre\.m2\repository\org\springframework\spring-context-support\6.1.3\spring-context-support-6.1.3.jar;C:\Users\andre\.m2\repository\org\eclipse\angus\jakarta.mail\2.0.2\jakarta.mail-2.0.2.jar;C:\Users\andre\.m2\repository\jakarta\activation\jakarta.activation-api\2.1.2\jakarta.activation-api-2.1.2.jar;C:\Users\andre\.m2\repository\org\eclipse\angus\angus-activation\2.0.1\angus-activation-2.0.1.jar;C:\Users\andre\.m2\repository\org\projectlombok\lombok\1.18.30\lombok-1.18.30.jar;C:\Users\andre\.m2\repository\io\jsonwebtoken\jjwt-api\0.12.3\jjwt-api-0.12.3.jar;C:\Users\andre\.m2\repository\io\jsonwebtoken\jjwt-impl\0.12.3\jjwt-impl-0.12.3.jar;C:\Users\andre\.m2\repository\com\mashape\unirest\unirest-java\1.4.9\unirest-java-1.4.9.jar;C:\Users\andre\.m2\repository\org\apache\httpcomponents\httpclient\4.5.2\httpclient-4.5.2.jar;C:\Users\andre\.m2\repository\org\apache\httpcomponents\httpcore\4.4.16\httpcore-4.4.16.jar;C:\Users\andre\.m2\repository\commons-logging\commons-logging\1.2\commons-logging-1.2.jar;C:\Users\andre\.m2\repository\org\apache\httpcomponents\httpasyncclient\4.1.5\httpasyncclient-4.1.5.jar;C:\Users\andre\.m2\repository\org\apache\httpcomponents\httpcore-nio\4.4.16\httpcore-nio-4.4.16.jar;C:\Users\andre\.m2\repository\org\apache\httpcomponents\httpmime\4.5.2\httpmime-4.5.2.jar;C:\Users\andre\.m2\repository\org\json\json\20160212\json-20160212.jar;C:\Users\andre\.m2\repository\io\jsonwebtoken\jjwt-jackson\0.12.3\jjwt-jackson-0.12.3.jar;C:\Users\andre\.m2\repository\com\fasterxml\jackson\core\jackson-databind\2.15.3\jackson-databind-2.15.3.jar;C:\Users\andre\.m2\repository\com\fasterxml\jackson\core\jackson-annotations\2.15.3\jackson-annotations-2.15.3.jar;C:\Users\andre\.m2\repository\com\fasterxml\jackson\core\jackson-core\2.15.3\jackson-core-2.15.3.jar;C:\Users\andre\.m2\repository\de\flapdoodle\embed\de.flapdoodle.embed.mongo.spring30x\4.6.2\de.flapdoodle.embed.mongo.spring30x-4.6.2.jar;C:\Users\andre\.m2\repository\de\flapdoodle\embed\de.flapdoodle.embed.mongo\4.6.2\de.flapdoodle.embed.mongo-4.6.2.jar;C:\Users\andre\.m2\repository\de\flapdoodle\embed\de.flapdoodle.embed.process\4.6.1\de.flapdoodle.embed.process-4.6.1.jar;C:\Users\andre\.m2\repository\de\flapdoodle\reverse\de.flapdoodle.reverse\1.5.2\de.flapdoodle.reverse-1.5.2.jar;C:\Users\andre\.m2\repository\de\flapdoodle\graph\de.flapdoodle.graph\1.2.3\de.flapdoodle.graph-1.2.3.jar;C:\Users\andre\.m2\repository\org\jgrapht\jgrapht-core\1.4.0\jgrapht-core-1.4.0.jar;C:\Users\andre\.m2\repository\org\jheaps\jheaps\0.11\jheaps-0.11.jar;C:\Users\andre\.m2\repository\de\flapdoodle\java8\de.flapdoodle.java8\1.3.2\de.flapdoodle.java8-1.3.2.jar;C:\Users\andre\.m2\repository\org\apache\commons\commons-compress\1.22\commons-compress-1.22.jar;C:\Users\andre\.m2\repository\net\java\dev\jna\jna\5.13.0\jna-5.13.0.jar;C:\Users\andre\.m2\repository\net\java\dev\jna\jna-platform\5.13.0\jna-platform-5.13.0.jar;C:\Users\andre\.m2\repository\de\flapdoodle\de.flapdoodle.os-api\1.3.1\de.flapdoodle.os-api-1.3.1.jar;C:\Users\andre\.m2\repository\de\flapdoodle\embed\de.flapdoodle.embed.mongo.packageresolver\4.5.3\de.flapdoodle.embed.mongo.packageresolver-4.5.3.jar;C:\Users\andre\.m2\repository\de\flapdoodle\de.flapdoodle.os\1.3.3\de.flapdoodle.os-1.3.3.jar;C:\Users\andre\.m2\repository\org\springframework\boot\spring-boot-properties-migrator\3.2.2\spring-boot-properties-migrator-3.2.2.jar;C:\Users\andre\.m2\repository\org\springframework\boot\spring-boot-configuration-metadata\3.2.2\spring-boot-configuration-metadata-3.2.2.jar;C:\Users\andre\.m2\repository\org\springframework\boot\spring-boot-starter-test\3.2.2\spring-boot-starter-test-3.2.2.jar;C:\Users\andre\.m2\repository\org\springframework\boot\spring-boot-test\3.2.2\spring-boot-test-3.2.2.jar;C:\Users\andre\.m2\repository\org\springframework\boot\spring-boot-test-autoconfigure\3.2.2\spring-boot-test-autoconfigure-3.2.2.jar;C:\Users\andre\.m2\repository\com\jayway\jsonpath\json-path\2.8.0\json-path-2.8.0.jar;C:\Users\andre\.m2\repository\jakarta\xml\bind\jakarta.xml.bind-api\4.0.1\jakarta.xml.bind-api-4.0.1.jar;C:\Users\andre\.m2\repository\net\minidev\json-smart\2.5.0\json-smart-2.5.0.jar;C:\Users\andre\.m2\repository\net\minidev\accessors-smart\2.5.0\accessors-smart-2.5.0.jar;C:\Users\andre\.m2\repository\org\assertj\assertj-core\3.24.2\assertj-core-3.24.2.jar;C:\Users\andre\.m2\repository\net\bytebuddy\byte-buddy\1.14.11\byte-buddy-1.14.11.jar;C:\Users\andre\.m2\repository\org\awaitility\awaitility\4.2.0\awaitility-4.2.0.jar;C:\Users\andre\.m2\repository\org\hamcrest\hamcrest\2.2\hamcrest-2.2.jar;C:\Users\andre\.m2\repository\org\junit\jupiter\junit-jupiter\5.10.1\junit-jupiter-5.10.1.jar;C:\Users\andre\.m2\repository\org\junit\jupiter\junit-jupiter-params\5.10.1\junit-jupiter-params-5.10.1.jar;C:\Users\andre\.m2\repository\org\mockito\mockito-core\5.7.0\mockito-core-5.7.0.jar;C:\Users\andre\.m2\repository\net\bytebuddy\byte-buddy-agent\1.14.11\byte-buddy-agent-1.14.11.jar;C:\Users\andre\.m2\repository\org\objenesis\objenesis\3.3\objenesis-3.3.jar;C:\Users\andre\.m2\repository\org\mockito\mockito-junit-jupiter\5.7.0\mockito-junit-jupiter-5.7.0.jar;C:\Users\andre\.m2\repository\org\skyscreamer\jsonassert\1.5.1\jsonassert-1.5.1.jar;C:\Users\andre\.m2\repository\com\vaadin\external\google\android-json\0.0.20131108.vaadin1\android-json-0.0.20131108.vaadin1.jar;C:\Users\andre\.m2\repository\org\springframework\spring-core\6.1.3\spring-core-6.1.3.jar;C:\Users\andre\.m2\repository\org\springframework\spring-jcl\6.1.3\spring-jcl-6.1.3.jar;C:\Users\andre\.m2\repository\org\springframework\spring-test\6.1.3\spring-test-6.1.3.jar;C:\Users\andre\.m2\repository\org\xmlunit\xmlunit-core\2.9.1\xmlunit-core-2.9.1.jar;C:\Users\andre\.m2\repository\org\springframework\security\spring-security-test\6.2.1\spring-security-test-6.2.1.jar;C:\Users\andre\.m2\repository\org\springframework\security\spring-security-core\6.2.1\spring-security-core-6.2.1.jar;C:\Users\andre\.m2\repository\org\springframework\security\spring-security-crypto\6.2.1\spring-security-crypto-6.2.1.jar;C:\Users\andre\.m2\repository\org\junit\platform\junit-platform-engine\1.10.0\junit-platform-engine-1.10.0.jar;C:\Users\andre\.m2\repository\org\opentest4j\opentest4j\1.3.0\opentest4j-1.3.0.jar;C:\Users\andre\.m2\repository\org\junit\platform\junit-platform-commons\1.10.1\junit-platform-commons-1.10.1.jar;C:\Users\andre\.m2\repository\org\apiguardian\apiguardian-api\1.1.2\apiguardian-api-1.1.2.jar;C:\Users\andre\.m2\repository\org\junit\jupiter\junit-jupiter-api\5.10.0\junit-jupiter-api-5.10.0.jar;C:\Users\andre\.m2\repository\org\junit\platform\junit-platform-launcher\1.10.1\junit-platform-launcher-1.10.1.jar;C:\Users\andre\.m2\repository\junit\junit\4.13.2\junit-4.13.2.jar;C:\Users\andre\.m2\repository\org\hamcrest\hamcrest-core\2.2\hamcrest-core-2.2.jar;C:\Users\andre\.m2\repository\org\junit\jupiter\junit-jupiter-engine\5.10.0\junit-jupiter-engine-5.10.0.jar;C:\Users\andre\.m2\repository\net\sourceforge\pmd\pmd-java\6.55.0\pmd-java-6.55.0.jar;C:\Users\andre\.m2\repository\net\sourceforge\pmd\pmd-core\6.55.0\pmd-core-6.55.0.jar;C:\Users\andre\.m2\repository\org\antlr\antlr4-runtime\4.7.2\antlr4-runtime-4.7.2.jar;C:\Users\andre\.m2\repository\com\beust\jcommander\1.48\jcommander-1.48.jar;C:\Users\andre\.m2\repository\com\google\code\gson\gson\2.10.1\gson-2.10.1.jar;C:\Users\andre\.m2\repository\net\sourceforge\saxon\saxon\9.1.0.8\saxon-9.1.0.8-dom.jar;C:\Users\andre\.m2\repository\net\sourceforge\saxon\saxon\9.1.0.8\saxon-9.1.0.8.jar;C:\Users\andre\.m2\repository\org\ow2\asm\asm\9.4\asm-9.4.jar;C:\Users\andre\.m2\repository\org\apache\commons\commons-lang3\3.13.0\commons-lang3-3.13.0.jar;C:\Users\andre\.m2\repository\org\kohsuke\github-api\1.318\github-api-1.318.jar;C:\Users\andre\.m2\repository\commons-io\commons-io\2.8.0\commons-io-2.8.0.jar;C:\Users\andre\.m2\repository\org\eclipse\jgit\org.eclipse.jgit\6.8.0.202311291450-r\org.eclipse.jgit-6.8.0.202311291450-r.jar;C:\Users\andre\.m2\repository\com\googlecode\javaewah\JavaEWAH\1.2.3\JavaEWAH-1.2.3.jar;C:\Users\andre\.m2\repository\org\slf4j\slf4j-api\2.0.11\slf4j-api-2.0.11.jar;C:\Users\andre\.m2\repository\commons-codec\commons-codec\1.16.0\commons-codec-1.16.0.jar;"/>
    <property name="java.vm.vendor" value="Oracle Corporation"/>
    <property name="sun.arch.data.model" value="64"/>
    <property name="user.variant" value=""/>
    <property name="java.vendor.url" value="https://java.oracle.com/"/>
    <property name="user.timezone" value="Europe/Rome"/>
    <property name="os.name" value="Windows 10"/>
    <property name="java.vm.specification.version" value="20"/>
    <property name="sun.java.launcher" value="SUN_STANDARD"/>
    <property name="user.country" value="IT"/>
    <property name="sun.boot.library.path" value="C:\Program Files\Java\jdk-20\bin"/>
    <property name="sun.java.command" value="C:\Users\andre\AppData\Local\Temp\surefire13164793460344893870\surefirebooter-20240131154516010_3.jar C:\Users\andre\AppData\Local\Temp\surefire13164793460344893870 2024-01-31T15-45-15_777-jvmRun1 surefire-20240131154516010_1tmp surefire_0-20240131154516010_2tmp"/>
    <property name="jdk.debug" value="release"/>
    <property name="surefire.test.class.path" value="C:\Users\andre\Desktop\CKBApplicationServer\target\test-classes;C:\Users\andre\Desktop\CKBApplicationServer\target\classes;C:\Users\andre\.m2\repository\org\springframework\boot\spring-boot-starter-data-mongodb\3.2.2\spring-boot-starter-data-mongodb-3.2.2.jar;C:\Users\andre\.m2\repository\org\springframework\boot\spring-boot-starter\3.2.2\spring-boot-starter-3.2.2.jar;C:\Users\andre\.m2\repository\org\springframework\boot\spring-boot\3.2.2\spring-boot-3.2.2.jar;C:\Users\andre\.m2\repository\org\springframework\boot\spring-boot-autoconfigure\3.2.2\spring-boot-autoconfigure-3.2.2.jar;C:\Users\andre\.m2\repository\org\springframework\boot\spring-boot-starter-logging\3.2.2\spring-boot-starter-logging-3.2.2.jar;C:\Users\andre\.m2\repository\ch\qos\logback\logback-classic\1.4.14\logback-classic-1.4.14.jar;C:\Users\andre\.m2\repository\ch\qos\logback\logback-core\1.4.14\logback-core-1.4.14.jar;C:\Users\andre\.m2\repository\org\apache\logging\log4j\log4j-to-slf4j\2.21.1\log4j-to-slf4j-2.21.1.jar;C:\Users\andre\.m2\repository\org\apache\logging\log4j\log4j-api\2.21.1\log4j-api-2.21.1.jar;C:\Users\andre\.m2\repository\org\slf4j\jul-to-slf4j\2.0.11\jul-to-slf4j-2.0.11.jar;C:\Users\andre\.m2\repository\jakarta\annotation\jakarta.annotation-api\2.1.1\jakarta.annotation-api-2.1.1.jar;C:\Users\andre\.m2\repository\org\yaml\snakeyaml\2.2\snakeyaml-2.2.jar;C:\Users\andre\.m2\repository\org\mongodb\mongodb-driver-sync\4.11.1\mongodb-driver-sync-4.11.1.jar;C:\Users\andre\.m2\repository\org\mongodb\bson\4.11.1\bson-4.11.1.jar;C:\Users\andre\.m2\repository\org\mongodb\mongodb-driver-core\4.11.1\mongodb-driver-core-4.11.1.jar;C:\Users\andre\.m2\repository\org\mongodb\bson-record-codec\4.11.1\bson-record-codec-4.11.1.jar;C:\Users\andre\.m2\repository\org\springframework\data\spring-data-mongodb\4.2.2\spring-data-mongodb-4.2.2.jar;C:\Users\andre\.m2\repository\org\springframework\spring-tx\6.1.3\spring-tx-6.1.3.jar;C:\Users\andre\.m2\repository\org\springframework\spring-context\6.1.3\spring-context-6.1.3.jar;C:\Users\andre\.m2\repository\org\springframework\spring-beans\6.1.3\spring-beans-6.1.3.jar;C:\Users\andre\.m2\repository\org\springframework\spring-expression\6.1.3\spring-expression-6.1.3.jar;C:\Users\andre\.m2\repository\org\springframework\data\spring-data-commons\3.2.2\spring-data-commons-3.2.2.jar;C:\Users\andre\.m2\repository\org\springframework\boot\spring-boot-starter-security\3.2.2\spring-boot-starter-security-3.2.2.jar;C:\Users\andre\.m2\repository\org\springframework\spring-aop\6.1.3\spring-aop-6.1.3.jar;C:\Users\andre\.m2\repository\org\springframework\security\spring-security-config\6.2.1\spring-security-config-6.2.1.jar;C:\Users\andre\.m2\repository\org\springframework\security\spring-security-web\6.2.1\spring-security-web-6.2.1.jar;C:\Users\andre\.m2\repository\org\springframework\boot\spring-boot-starter-web\3.2.2\spring-boot-starter-web-3.2.2.jar;C:\Users\andre\.m2\repository\org\springframework\boot\spring-boot-starter-json\3.2.2\spring-boot-starter-json-3.2.2.jar;C:\Users\andre\.m2\repository\com\fasterxml\jackson\datatype\jackson-datatype-jdk8\2.15.3\jackson-datatype-jdk8-2.15.3.jar;C:\Users\andre\.m2\repository\com\fasterxml\jackson\datatype\jackson-datatype-jsr310\2.15.3\jackson-datatype-jsr310-2.15.3.jar;C:\Users\andre\.m2\repository\com\fasterxml\jackson\module\jackson-module-parameter-names\2.15.3\jackson-module-parameter-names-2.15.3.jar;C:\Users\andre\.m2\repository\org\springframework\boot\spring-boot-starter-tomcat\3.2.2\spring-boot-starter-tomcat-3.2.2.jar;C:\Users\andre\.m2\repository\org\apache\tomcat\embed\tomcat-embed-core\10.1.18\tomcat-embed-core-10.1.18.jar;C:\Users\andre\.m2\repository\org\apache\tomcat\embed\tomcat-embed-el\10.1.18\tomcat-embed-el-10.1.18.jar;C:\Users\andre\.m2\repository\org\apache\tomcat\embed\tomcat-embed-websocket\10.1.18\tomcat-embed-websocket-10.1.18.jar;C:\Users\andre\.m2\repository\org\springframework\spring-web\6.1.3\spring-web-6.1.3.jar;C:\Users\andre\.m2\repository\io\micrometer\micrometer-observation\1.12.2\micrometer-observation-1.12.2.jar;C:\Users\andre\.m2\repository\io\micrometer\micrometer-commons\1.12.2\micrometer-commons-1.12.2.jar;C:\Users\andre\.m2\repository\org\springframework\spring-webmvc\6.1.3\spring-webmvc-6.1.3.jar;C:\Users\andre\.m2\repository\org\springframework\boot\spring-boot-starter-mail\3.2.2\spring-boot-starter-mail-3.2.2.jar;C:\Users\andre\.m2\repository\org\springframework\spring-context-support\6.1.3\spring-context-support-6.1.3.jar;C:\Users\andre\.m2\repository\org\eclipse\angus\jakarta.mail\2.0.2\jakarta.mail-2.0.2.jar;C:\Users\andre\.m2\repository\jakarta\activation\jakarta.activation-api\2.1.2\jakarta.activation-api-2.1.2.jar;C:\Users\andre\.m2\repository\org\eclipse\angus\angus-activation\2.0.1\angus-activation-2.0.1.jar;C:\Users\andre\.m2\repository\org\projectlombok\lombok\1.18.30\lombok-1.18.30.jar;C:\Users\andre\.m2\repository\io\jsonwebtoken\jjwt-api\0.12.3\jjwt-api-0.12.3.jar;C:\Users\andre\.m2\repository\io\jsonwebtoken\jjwt-impl\0.12.3\jjwt-impl-0.12.3.jar;C:\Users\andre\.m2\repository\com\mashape\unirest\unirest-java\1.4.9\unirest-java-1.4.9.jar;C:\Users\andre\.m2\repository\org\apache\httpcomponents\httpclient\4.5.2\httpclient-4.5.2.jar;C:\Users\andre\.m2\repository\org\apache\httpcomponents\httpcore\4.4.16\httpcore-4.4.16.jar;C:\Users\andre\.m2\repository\commons-logging\commons-logging\1.2\commons-logging-1.2.jar;C:\Users\andre\.m2\repository\org\apache\httpcomponents\httpasyncclient\4.1.5\httpasyncclient-4.1.5.jar;C:\Users\andre\.m2\repository\org\apache\httpcomponents\httpcore-nio\4.4.16\httpcore-nio-4.4.16.jar;C:\Users\andre\.m2\repository\org\apache\httpcomponents\httpmime\4.5.2\httpmime-4.5.2.jar;C:\Users\andre\.m2\repository\org\json\json\20160212\json-20160212.jar;C:\Users\andre\.m2\repository\io\jsonwebtoken\jjwt-jackson\0.12.3\jjwt-jackson-0.12.3.jar;C:\Users\andre\.m2\repository\com\fasterxml\jackson\core\jackson-databind\2.15.3\jackson-databind-2.15.3.jar;C:\Users\andre\.m2\repository\com\fasterxml\jackson\core\jackson-annotations\2.15.3\jackson-annotations-2.15.3.jar;C:\Users\andre\.m2\repository\com\fasterxml\jackson\core\jackson-core\2.15.3\jackson-core-2.15.3.jar;C:\Users\andre\.m2\repository\de\flapdoodle\embed\de.flapdoodle.embed.mongo.spring30x\4.6.2\de.flapdoodle.embed.mongo.spring30x-4.6.2.jar;C:\Users\andre\.m2\repository\de\flapdoodle\embed\de.flapdoodle.embed.mongo\4.6.2\de.flapdoodle.embed.mongo-4.6.2.jar;C:\Users\andre\.m2\repository\de\flapdoodle\embed\de.flapdoodle.embed.process\4.6.1\de.flapdoodle.embed.process-4.6.1.jar;C:\Users\andre\.m2\repository\de\flapdoodle\reverse\de.flapdoodle.reverse\1.5.2\de.flapdoodle.reverse-1.5.2.jar;C:\Users\andre\.m2\repository\de\flapdoodle\graph\de.flapdoodle.graph\1.2.3\de.flapdoodle.graph-1.2.3.jar;C:\Users\andre\.m2\repository\org\jgrapht\jgrapht-core\1.4.0\jgrapht-core-1.4.0.jar;C:\Users\andre\.m2\repository\org\jheaps\jheaps\0.11\jheaps-0.11.jar;C:\Users\andre\.m2\repository\de\flapdoodle\java8\de.flapdoodle.java8\1.3.2\de.flapdoodle.java8-1.3.2.jar;C:\Users\andre\.m2\repository\org\apache\commons\commons-compress\1.22\commons-compress-1.22.jar;C:\Users\andre\.m2\repository\net\java\dev\jna\jna\5.13.0\jna-5.13.0.jar;C:\Users\andre\.m2\repository\net\java\dev\jna\jna-platform\5.13.0\jna-platform-5.13.0.jar;C:\Users\andre\.m2\repository\de\flapdoodle\de.flapdoodle.os-api\1.3.1\de.flapdoodle.os-api-1.3.1.jar;C:\Users\andre\.m2\repository\de\flapdoodle\embed\de.flapdoodle.embed.mongo.packageresolver\4.5.3\de.flapdoodle.embed.mongo.packageresolver-4.5.3.jar;C:\Users\andre\.m2\repository\de\flapdoodle\de.flapdoodle.os\1.3.3\de.flapdoodle.os-1.3.3.jar;C:\Users\andre\.m2\repository\org\springframework\boot\spring-boot-properties-migrator\3.2.2\spring-boot-properties-migrator-3.2.2.jar;C:\Users\andre\.m2\repository\org\springframework\boot\spring-boot-configuration-metadata\3.2.2\spring-boot-configuration-metadata-3.2.2.jar;C:\Users\andre\.m2\repository\org\springframework\boot\spring-boot-starter-test\3.2.2\spring-boot-starter-test-3.2.2.jar;C:\Users\andre\.m2\repository\org\springframework\boot\spring-boot-test\3.2.2\spring-boot-test-3.2.2.jar;C:\Users\andre\.m2\repository\org\springframework\boot\spring-boot-test-autoconfigure\3.2.2\spring-boot-test-autoconfigure-3.2.2.jar;C:\Users\andre\.m2\repository\com\jayway\jsonpath\json-path\2.8.0\json-path-2.8.0.jar;C:\Users\andre\.m2\repository\jakarta\xml\bind\jakarta.xml.bind-api\4.0.1\jakarta.xml.bind-api-4.0.1.jar;C:\Users\andre\.m2\repository\net\minidev\json-smart\2.5.0\json-smart-2.5.0.jar;C:\Users\andre\.m2\repository\net\minidev\accessors-smart\2.5.0\accessors-smart-2.5.0.jar;C:\Users\andre\.m2\repository\org\assertj\assertj-core\3.24.2\assertj-core-3.24.2.jar;C:\Users\andre\.m2\repository\net\bytebuddy\byte-buddy\1.14.11\byte-buddy-1.14.11.jar;C:\Users\andre\.m2\repository\org\awaitility\awaitility\4.2.0\awaitility-4.2.0.jar;C:\Users\andre\.m2\repository\org\hamcrest\hamcrest\2.2\hamcrest-2.2.jar;C:\Users\andre\.m2\repository\org\junit\jupiter\junit-jupiter\5.10.1\junit-jupiter-5.10.1.jar;C:\Users\andre\.m2\repository\org\junit\jupiter\junit-jupiter-params\5.10.1\junit-jupiter-params-5.10.1.jar;C:\Users\andre\.m2\repository\org\mockito\mockito-core\5.7.0\mockito-core-5.7.0.jar;C:\Users\andre\.m2\repository\net\bytebuddy\byte-buddy-agent\1.14.11\byte-buddy-agent-1.14.11.jar;C:\Users\andre\.m2\repository\org\objenesis\objenesis\3.3\objenesis-3.3.jar;C:\Users\andre\.m2\repository\org\mockito\mockito-junit-jupiter\5.7.0\mockito-junit-jupiter-5.7.0.jar;C:\Users\andre\.m2\repository\org\skyscreamer\jsonassert\1.5.1\jsonassert-1.5.1.jar;C:\Users\andre\.m2\repository\com\vaadin\external\google\android-json\0.0.20131108.vaadin1\android-json-0.0.20131108.vaadin1.jar;C:\Users\andre\.m2\repository\org\springframework\spring-core\6.1.3\spring-core-6.1.3.jar;C:\Users\andre\.m2\repository\org\springframework\spring-jcl\6.1.3\spring-jcl-6.1.3.jar;C:\Users\andre\.m2\repository\org\springframework\spring-test\6.1.3\spring-test-6.1.3.jar;C:\Users\andre\.m2\repository\org\xmlunit\xmlunit-core\2.9.1\xmlunit-core-2.9.1.jar;C:\Users\andre\.m2\repository\org\springframework\security\spring-security-test\6.2.1\spring-security-test-6.2.1.jar;C:\Users\andre\.m2\repository\org\springframework\security\spring-security-core\6.2.1\spring-security-core-6.2.1.jar;C:\Users\andre\.m2\repository\org\springframework\security\spring-security-crypto\6.2.1\spring-security-crypto-6.2.1.jar;C:\Users\andre\.m2\repository\org\junit\platform\junit-platform-engine\1.10.0\junit-platform-engine-1.10.0.jar;C:\Users\andre\.m2\repository\org\opentest4j\opentest4j\1.3.0\opentest4j-1.3.0.jar;C:\Users\andre\.m2\repository\org\junit\platform\junit-platform-commons\1.10.1\junit-platform-commons-1.10.1.jar;C:\Users\andre\.m2\repository\org\apiguardian\apiguardian-api\1.1.2\apiguardian-api-1.1.2.jar;C:\Users\andre\.m2\repository\org\junit\jupiter\junit-jupiter-api\5.10.0\junit-jupiter-api-5.10.0.jar;C:\Users\andre\.m2\repository\org\junit\platform\junit-platform-launcher\1.10.1\junit-platform-launcher-1.10.1.jar;C:\Users\andre\.m2\repository\junit\junit\4.13.2\junit-4.13.2.jar;C:\Users\andre\.m2\repository\org\hamcrest\hamcrest-core\2.2\hamcrest-core-2.2.jar;C:\Users\andre\.m2\repository\org\junit\jupiter\junit-jupiter-engine\5.10.0\junit-jupiter-engine-5.10.0.jar;C:\Users\andre\.m2\repository\net\sourceforge\pmd\pmd-java\6.55.0\pmd-java-6.55.0.jar;C:\Users\andre\.m2\repository\net\sourceforge\pmd\pmd-core\6.55.0\pmd-core-6.55.0.jar;C:\Users\andre\.m2\repository\org\antlr\antlr4-runtime\4.7.2\antlr4-runtime-4.7.2.jar;C:\Users\andre\.m2\repository\com\beust\jcommander\1.48\jcommander-1.48.jar;C:\Users\andre\.m2\repository\com\google\code\gson\gson\2.10.1\gson-2.10.1.jar;C:\Users\andre\.m2\repository\net\sourceforge\saxon\saxon\9.1.0.8\saxon-9.1.0.8-dom.jar;C:\Users\andre\.m2\repository\net\sourceforge\saxon\saxon\9.1.0.8\saxon-9.1.0.8.jar;C:\Users\andre\.m2\repository\org\ow2\asm\asm\9.4\asm-9.4.jar;C:\Users\andre\.m2\repository\org\apache\commons\commons-lang3\3.13.0\commons-lang3-3.13.0.jar;C:\Users\andre\.m2\repository\org\kohsuke\github-api\1.318\github-api-1.318.jar;C:\Users\andre\.m2\repository\commons-io\commons-io\2.8.0\commons-io-2.8.0.jar;C:\Users\andre\.m2\repository\org\eclipse\jgit\org.eclipse.jgit\6.8.0.202311291450-r\org.eclipse.jgit-6.8.0.202311291450-r.jar;C:\Users\andre\.m2\repository\com\googlecode\javaewah\JavaEWAH\1.2.3\JavaEWAH-1.2.3.jar;C:\Users\andre\.m2\repository\org\slf4j\slf4j-api\2.0.11\slf4j-api-2.0.11.jar;C:\Users\andre\.m2\repository\commons-codec\commons-codec\1.16.0\commons-codec-1.16.0.jar;"/>
    <property name="sun.cpu.endian" value="little"/>
    <property name="user.home" value="C:\Users\andre"/>
    <property name="user.language" value="it"/>
    <property name="java.specification.vendor" value="Oracle Corporation"/>
    <property name="java.version.date" value="2023-03-21"/>
    <property name="java.home" value="C:\Program Files\Java\jdk-20"/>
    <property name="file.separator" value="\"/>
    <property name="basedir" value="C:\Users\andre\Desktop\CKBApplicationServer"/>
    <property name="java.vm.compressedOopsMode" value="Zero based"/>
    <property name="line.separator" value="&#10;"/>
    <property name="java.vm.specification.vendor" value="Oracle Corporation"/>
    <property name="java.specification.name" value="Java Platform API Specification"/>
    <property name="FILE_LOG_CHARSET" value="UTF-8"/>
    <property name="java.awt.headless" value="true"/>
    <property name="surefire.real.class.path" value="C:\Users\andre\AppData\Local\Temp\surefire13164793460344893870\surefirebooter-20240131154516010_3.jar"/>
    <property name="user.script" value=""/>
    <property name="sun.management.compiler" value="HotSpot 64-Bit Tiered Compilers"/>
    <property name="java.runtime.version" value="20+36-2344"/>
    <property name="user.name" value="andre"/>
    <property name="stdout.encoding" value="Cp1252"/>
    <property name="path.separator" value=";"/>
    <property name="os.version" value="10.0"/>
    <property name="java.runtime.name" value="Java(TM) SE Runtime Environment"/>
    <property name="file.encoding" value="UTF-8"/>
    <property name="java.vm.name" value="Java HotSpot(TM) 64-Bit Server VM"/>
    <property name="localRepository" value="C:\Users\andre\.m2\repository"/>
    <property name="java.vendor.url.bug" value="https://bugreport.java.com/bugreport/"/>
    <property name="java.io.tmpdir" value="C:\Users\andre\AppData\Local\Temp\"/>
    <property name="idea.version" value="2023.1.1"/>
    <property name="java.version" value="20"/>
    <property name="user.dir" value="C:\Users\andre\Desktop\CKBApplicationServer"/>
    <property name="os.arch" value="amd64"/>
    <property name="java.vm.specification.name" value="Java Virtual Machine Specification"/>
    <property name="PID" value="17660"/>
    <property name="sun.os.patch.level" value=""/>
    <property name="CONSOLE_LOG_CHARSET" value="UTF-8"/>
    <property name="native.encoding" value="Cp1252"/>
    <property name="java.library.path" value="C:\Program Files\Java\jdk-20\bin;C:\Windows\Sun\Java\bin;C:\Windows\system32;C:\Windows;C:\Program Files\Common Files\Oracle\Java\javapath;C:\Program Files (x86)\Common Files\Oracle\Java\javapath;C:\Windows\system32;C:\Windows;C:\Windows\System32\Wbem;C:\Windows\System32\WindowsPowerShell\v1.0\;C:\Windows\System32\OpenSSH\;C:\Program Files\dotnet\;C:\Program Files\NVIDIA Corporation\NVIDIA NvDLISR;C:\Program Files\Microsoft SQL Server\Client SDK\ODBC\170\Tools\Binn\;C:\Program Files\nodejs\;C:\Program Files\Git\cmd;C:\maxima-5.45.1\bin;C:\Program Files (x86)\NVIDIA Corporation\PhysX\Common;C:\Users\andre\AppData\Local\Programs\Python\Python39\Scripts\;C:\Users\andre\AppData\Local\Programs\Python\Python39\;C:\Users\andre\AppData\Local\Microsoft\WindowsApps;E:\Microsoft VS Code\bin;C:\MinGW\bin;C:\Users\andre\AppData\Roaming\npm;E:\IntelliJ IDEA 2023.1.1\bin;;C:\Users\andre\.dotnet\tools;."/>
    <property name="java.vm.info" value="mixed mode, sharing"/>
    <property name="stderr.encoding" value="Cp1252"/>
    <property name="java.vendor" value="Oracle Corporation"/>
    <property name="java.vm.version" value="20+36-2344"/>
    <property name="sun.io.unicode.encoding" value="UnicodeLittle"/>
    <property name="java.class.version" value="64.0"/>
  </properties>
  <testcase name="shouldFindBattleAsStudent" classname="BersaniChiappiniFraschini.CKBApplicationServer.battle.GetBattleTest" time="0.156">
    <system-out><![CDATA[15:45:20.294 [main] INFO org.springframework.test.context.support.AnnotationConfigContextLoaderUtils -- Could not detect default configuration classes for test class [BersaniChiappiniFraschini.CKBApplicationServer.battle.GetBattleTest]: GetBattleTest does not declare any static, non-private, non-final, nested classes annotated with @Configuration.
15:45:20.416 [main] INFO org.springframework.boot.test.context.SpringBootTestContextBootstrapper -- Found @SpringBootConfiguration BersaniChiappiniFraschini.CKBApplicationServer.CkbApplicationServerMain for test class BersaniChiappiniFraschini.CKBApplicationServer.battle.GetBattleTest

  .   ____          _            __ _ _
 /\\ / ___'_ __ _ _(_)_ __  __ _ \ \ \ \
( ( )\___ | '_ | '_| | '_ \/ _` | \ \ \ \
 \\/  ___)| |_)| | | | | || (_| |  ) ) ) )
  '  |____| .__|_| |_|_| |_\__, | / / / /
 =========|_|==============|___/=/_/_/_/
 :: Spring Boot ::                (v3.2.2)

2024-01-31T15:45:20.738+01:00  WARN 17660 --- [           main] ory$DuplicateJsonObjectContextCustomizer : 

Found multiple occurrences of org.json.JSONObject on the class path:

	jar:file:/C:/Users/andre/.m2/repository/org/json/json/20160212/json-20160212.jar!/org/json/JSONObject.class
	jar:file:/C:/Users/andre/.m2/repository/com/vaadin/external/google/android-json/0.0.20131108.vaadin1/android-json-0.0.20131108.vaadin1.jar!/org/json/JSONObject.class

You may wish to exclude one of them to ensure predictable runtime behavior

2024-01-31T15:45:20.748+01:00  INFO 17660 --- [           main] B.C.battle.GetBattleTest                 : Starting GetBattleTest using Java 20 with PID 17660 (started by andre in C:\Users\andre\Desktop\CKBApplicationServer)
2024-01-31T15:45:20.749+01:00  INFO 17660 --- [           main] B.C.battle.GetBattleTest                 : No active profile set, falling back to 1 default profile: "default"
2024-01-31T15:45:21.454+01:00  INFO 17660 --- [           main] .s.d.r.c.RepositoryConfigurationDelegate : Bootstrapping Spring Data MongoDB repositories in DEFAULT mode.
2024-01-31T15:45:21.515+01:00  INFO 17660 --- [           main] .s.d.r.c.RepositoryConfigurationDelegate : Finished Spring Data repository scanning in 56 ms. Found 2 MongoDB repository interfaces.
2024-01-31T15:45:21.627+01:00  WARN 17660 --- [           main] trationDelegate$BeanPostProcessorChecker : Bean 'de.flapdoodle.embed.mongo.spring.autoconfigure.EmbeddedMongoAutoConfiguration' of type [de.flapdoodle.embed.mongo.spring.autoconfigure.EmbeddedMongoAutoConfiguration] is not eligible for getting processed by all BeanPostProcessors (for example: not eligible for auto-proxying). The currently created BeanPostProcessor [setHostAndPortToMongoProperties] is declared through a non-static factory method on that class; consider declaring it as static instead.
2024-01-31T15:45:21.664+01:00  WARN 17660 --- [           main] trationDelegate$BeanPostProcessorChecker : Bean 'de.flapdoodle.mongodb.embedded-de.flapdoodle.embed.mongo.spring.autoconfigure.EmbeddedMongoProperties' of type [de.flapdoodle.embed.mongo.spring.autoconfigure.EmbeddedMongoProperties] is not eligible for getting processed by all BeanPostProcessors (for example: not eligible for auto-proxying). Is this bean getting eagerly injected into a currently created BeanPostProcessor [fixTransactionAndAuth]? Check the corresponding BeanPostProcessor declaration and its dependencies.
2024-01-31T15:45:21.671+01:00  WARN 17660 --- [           main] trationDelegate$BeanPostProcessorChecker : Bean 'spring.data.mongodb-org.springframework.boot.autoconfigure.mongo.MongoProperties' of type [org.springframework.boot.autoconfigure.mongo.MongoProperties] is not eligible for getting processed by all BeanPostProcessors (for example: not eligible for auto-proxying). Is this bean getting eagerly injected into a currently created BeanPostProcessor [fixTransactionAndAuth]? Check the corresponding BeanPostProcessor declaration and its dependencies.
2024-01-31T15:45:21.779+01:00  INFO 17660 --- [           main] d.f.e.m.s.a.SyncClientServerFactory      : sync server factory
2024-01-31T15:45:22.015+01:00  INFO 17660 --- [       Thread-2] d.f.e.m.s.autoconfigure.EmbeddedMongo    : 2024-01-31T15:45:22.014+0100 I CONTROL  [main] Automatically disabling TLS 1.0, to force-enable TLS 1.0 specify --sslDisabledProtocols 'none'
2024-01-31T15:45:22.017+01:00  INFO 17660 --- [       Thread-2] d.f.e.m.s.autoconfigure.EmbeddedMongo    : 2024-01-31T15:45:22.015+0100 I CONTROL  [main] note: noprealloc may hurt performance in many applications
2024-01-31T15:45:22.096+01:00  INFO 17660 --- [       Thread-2] d.f.e.m.s.autoconfigure.EmbeddedMongo    : 2024-01-31T15:45:22.097+0100 I CONTROL  [initandlisten] MongoDB starting : pid=17464 port=27017 dbpath=C:\Users\andre\AppData\Local\Temp\temp--2b88aa87-e9d8-4bbd-9e51-8e10d46c6edb\mongod-database16431273974644379165 64-bit host=DESKTOP-EQJFJFA
2024-01-31T15:45:22.096+01:00  INFO 17660 --- [       Thread-2] d.f.e.m.s.autoconfigure.EmbeddedMongo    : 2024-01-31T15:45:22.097+0100 I CONTROL  [initandlisten] targetMinOS: Windows 7/Windows Server 2008 R2
2024-01-31T15:45:22.096+01:00  INFO 17660 --- [       Thread-2] d.f.e.m.s.autoconfigure.EmbeddedMongo    : 2024-01-31T15:45:22.097+0100 I CONTROL  [initandlisten] db version v4.0.2
2024-01-31T15:45:22.096+01:00  INFO 17660 --- [       Thread-2] d.f.e.m.s.autoconfigure.EmbeddedMongo    : 2024-01-31T15:45:22.097+0100 I CONTROL  [initandlisten] git version: fc1573ba18aee42f97a3bb13b67af7d837826b47
2024-01-31T15:45:22.096+01:00  INFO 17660 --- [       Thread-2] d.f.e.m.s.autoconfigure.EmbeddedMongo    : 2024-01-31T15:45:22.097+0100 I CONTROL  [initandlisten] allocator: tcmalloc
2024-01-31T15:45:22.097+01:00  INFO 17660 --- [       Thread-2] d.f.e.m.s.autoconfigure.EmbeddedMongo    : 2024-01-31T15:45:22.097+0100 I CONTROL  [initandlisten] modules: none
2024-01-31T15:45:22.097+01:00  INFO 17660 --- [       Thread-2] d.f.e.m.s.autoconfigure.EmbeddedMongo    : 2024-01-31T15:45:22.097+0100 I CONTROL  [initandlisten] build environment:
2024-01-31T15:45:22.097+01:00  INFO 17660 --- [       Thread-2] d.f.e.m.s.autoconfigure.EmbeddedMongo    : 2024-01-31T15:45:22.097+0100 I CONTROL  [initandlisten]     distmod: 2008plus-ssl
2024-01-31T15:45:22.097+01:00  INFO 17660 --- [       Thread-2] d.f.e.m.s.autoconfigure.EmbeddedMongo    : 2024-01-31T15:45:22.097+0100 I CONTROL  [initandlisten]     distarch: x86_64
2024-01-31T15:45:22.097+01:00  INFO 17660 --- [       Thread-2] d.f.e.m.s.autoconfigure.EmbeddedMongo    : 2024-01-31T15:45:22.097+0100 I CONTROL  [initandlisten]     target_arch: x86_64
2024-01-31T15:45:22.097+01:00  INFO 17660 --- [       Thread-2] d.f.e.m.s.autoconfigure.EmbeddedMongo    : 2024-01-31T15:45:22.097+0100 I CONTROL  [initandlisten] options: { net: { bindIp: "127.0.0.1", port: 27017 }, security: { authorization: "disabled" }, storage: { dbPath: "C:\Users\andre\AppData\Local\Temp\temp--2b88aa87-e9d8-4bbd-9e51-8e10d46c6edb\mongod-database16431273974644379165", journal: { enabled: false }, mmapv1: { preallocDataFiles: false, smallFiles: true }, syncPeriodSecs: 0.0 } }
2024-01-31T15:45:22.097+01:00  INFO 17660 --- [       Thread-2] d.f.e.m.s.autoconfigure.EmbeddedMongo    : 2024-01-31T15:45:22.098+0100 I STORAGE  [initandlisten] wiredtiger_open config: create,cache_size=7657M,session_max=20000,eviction=(threads_min=4,threads_max=4),config_base=false,statistics=(fast),log=(enabled=true,archive=true,path=journal,compressor=snappy),file_manager=(close_idle_time=100000),statistics_log=(wait=0),verbose=(recovery_progress),,log=(enabled=false),
2024-01-31T15:45:22.112+01:00  INFO 17660 --- [       Thread-2] d.f.e.m.s.autoconfigure.EmbeddedMongo    : 2024-01-31T15:45:22.112+0100 I STORAGE  [initandlisten] WiredTiger message [1706712322:111797][17464:140706605324384], txn-recover: Set global recovery timestamp: 0
2024-01-31T15:45:22.125+01:00  INFO 17660 --- [       Thread-2] d.f.e.m.s.autoconfigure.EmbeddedMongo    : 2024-01-31T15:45:22.126+0100 I RECOVERY [initandlisten] WiredTiger recoveryTimestamp. Ts: Timestamp(0, 0)
2024-01-31T15:45:22.169+01:00  INFO 17660 --- [       Thread-2] d.f.e.m.s.autoconfigure.EmbeddedMongo    : 2024-01-31T15:45:22.170+0100 W STORAGE  [initandlisten] Detected configuration for non-active storage engine mmapv1 when current storage engine is wiredTiger
2024-01-31T15:45:22.170+01:00  INFO 17660 --- [       Thread-2] d.f.e.m.s.autoconfigure.EmbeddedMongo    : 2024-01-31T15:45:22.171+0100 I STORAGE  [initandlisten] createCollection: admin.system.version with provided UUID: af358b04-443e-446d-b6f3-c6392f2ab0a1
2024-01-31T15:45:22.233+01:00  INFO 17660 --- [       Thread-2] d.f.e.m.s.autoconfigure.EmbeddedMongo    : 2024-01-31T15:45:22.233+0100 I COMMAND  [initandlisten] setting featureCompatibilityVersion to 4.0
2024-01-31T15:45:22.237+01:00  INFO 17660 --- [       Thread-2] d.f.e.m.s.autoconfigure.EmbeddedMongo    : 2024-01-31T15:45:22.237+0100 I STORAGE  [initandlisten] createCollection: local.startup_log with generated UUID: 5b071800-1b54-47ff-9d90-536c2271baf3
2024-01-31T15:45:22.779+01:00  INFO 17660 --- [       Thread-2] d.f.e.m.s.autoconfigure.EmbeddedMongo    : 2024-01-31T15:45:22.779+0100 W FTDC     [initandlisten] Failed to initialize Performance Counters for FTDC: WindowsPdhError: PdhExpandCounterPathW failed with 'Impossibile trovare l'oggetto specificato nel computer.' for counter '\Memory\Available Bytes'
2024-01-31T15:45:22.779+01:00  INFO 17660 --- [       Thread-2] d.f.e.m.s.autoconfigure.EmbeddedMongo    : 2024-01-31T15:45:22.779+0100 I FTDC     [initandlisten] Initializing full-time diagnostic data capture with directory 'C:/Users/andre/AppData/Local/Temp/temp--2b88aa87-e9d8-4bbd-9e51-8e10d46c6edb/mongod-database16431273974644379165/diagnostic.data'
2024-01-31T15:45:22.780+01:00  INFO 17660 --- [       Thread-2] d.f.e.m.s.autoconfigure.EmbeddedMongo    : 2024-01-31T15:45:22.780+0100 I STORAGE  [LogicalSessionCacheRefresh] createCollection: config.system.sessions with generated UUID: 20236ed9-68a5-42c8-b10b-6d5abb3e0cbc
2024-01-31T15:45:22.781+01:00  INFO 17660 --- [       Thread-2] d.f.e.m.s.autoconfigure.EmbeddedMongo    : 2024-01-31T15:45:22.781+0100 I NETWORK  [initandlisten] waiting for connections on port 27017
2024-01-31T15:45:22.926+01:00  INFO 17660 --- [       Thread-2] d.f.e.m.s.autoconfigure.EmbeddedMongo    : 2024-01-31T15:45:22.926+0100 I NETWORK  [listener] connection accepted from 127.0.0.1:50817 #1 (1 connection now open)
2024-01-31T15:45:22.931+01:00  INFO 17660 --- [           main] org.mongodb.driver.client                : MongoClient with metadata {"driver": {"name": "mongo-java-driver|sync|spring-boot", "version": "4.11.1"}, "os": {"type": "Windows", "name": "Windows 10", "architecture": "amd64", "version": "10.0"}, "platform": "Java/Oracle Corporation/20+36-2344"} created with settings MongoClientSettings{readPreference=primary, writeConcern=WriteConcern{w=null, wTimeout=null ms, journal=null}, retryWrites=true, retryReads=true, readConcern=ReadConcern{level=null}, credential=null, transportSettings=null, streamFactoryFactory=null, commandListeners=[], codecRegistry=ProvidersCodecRegistry{codecProviders=[ValueCodecProvider{}, BsonValueCodecProvider{}, DBRefCodecProvider{}, DBObjectCodecProvider{}, DocumentCodecProvider{}, CollectionCodecProvider{}, IterableCodecProvider{}, MapCodecProvider{}, GeoJsonCodecProvider{}, GridFSFileCodecProvider{}, Jsr310CodecProvider{}, JsonObjectCodecProvider{}, BsonCodecProvider{}, EnumCodecProvider{}, com.mongodb.client.model.mql.ExpressionCodecProvider@3c17794e, com.mongodb.Jep395RecordCodecProvider@414d2821, com.mongodb.KotlinCodecProvider@7378c4a4]}, loggerSettings=LoggerSettings{maxDocumentLength=1000}, clusterSettings={hosts=[kubernetes.docker.internal:27017], srvServiceName=mongodb, mode=SINGLE, requiredClusterType=UNKNOWN, requiredReplicaSetName='null', serverSelector='null', clusterListeners='[]', serverSelectionTimeout='30000 ms', localThreshold='15 ms'}, socketSettings=SocketSettings{connectTimeoutMS=10000, readTimeoutMS=0, receiveBufferSize=0, proxySettings=ProxySettings{host=null, port=null, username=null, password=null}}, heartbeatSocketSettings=SocketSettings{connectTimeoutMS=10000, readTimeoutMS=10000, receiveBufferSize=0, proxySettings=ProxySettings{host=null, port=null, username=null, password=null}}, connectionPoolSettings=ConnectionPoolSettings{maxSize=100, minSize=0, maxWaitTimeMS=120000, maxConnectionLifeTimeMS=0, maxConnectionIdleTimeMS=0, maintenanceInitialDelayMS=0, maintenanceFrequencyMS=60000, connectionPoolListeners=[], maxConnecting=2}, serverSettings=ServerSettings{heartbeatFrequencyMS=10000, minHeartbeatFrequencyMS=500, serverListeners='[]', serverMonitorListeners='[]'}, sslSettings=SslSettings{enabled=false, invalidHostNameAllowed=false, context=null}, applicationName='null', compressorList=[], uuidRepresentation=JAVA_LEGACY, serverApi=null, autoEncryptionSettings=null, dnsClient=null, inetAddressResolver=null, contextProvider=null}
2024-01-31T15:45:22.933+01:00  INFO 17660 --- [       Thread-2] d.f.e.m.s.autoconfigure.EmbeddedMongo    : 2024-01-31T15:45:22.933+0100 I NETWORK  [listener] connection accepted from 127.0.0.1:50818 #2 (2 connections now open)
2024-01-31T15:45:22.936+01:00  INFO 17660 --- [       Thread-2] d.f.e.m.s.autoconfigure.EmbeddedMongo    : 2024-01-31T15:45:22.937+0100 I NETWORK  [conn1] received client metadata from 127.0.0.1:50817 conn1: { driver: { name: "mongo-java-driver|sync|spring-boot", version: "4.11.1" }, os: { type: "Windows", name: "Windows 10", architecture: "amd64", version: "10.0" }, platform: "Java/Oracle Corporation/20+36-2344" }
2024-01-31T15:45:22.943+01:00  INFO 17660 --- [       Thread-2] d.f.e.m.s.autoconfigure.EmbeddedMongo    : 2024-01-31T15:45:22.943+0100 I NETWORK  [conn2] received client metadata from 127.0.0.1:50818 conn2: { driver: { name: "mongo-java-driver|sync|spring-boot", version: "4.11.1" }, os: { type: "Windows", name: "Windows 10", architecture: "amd64", version: "10.0" }, platform: "Java/Oracle Corporation/20+36-2344" }
2024-01-31T15:45:22.954+01:00  INFO 17660 --- [.internal:27017] org.mongodb.driver.cluster               : Monitor thread successfully connected to server with description ServerDescription{address=kubernetes.docker.internal:27017, type=STANDALONE, state=CONNECTED, ok=true, minWireVersion=0, maxWireVersion=7, maxDocumentSize=16777216, logicalSessionTimeoutMinutes=30, roundTripTimeNanos=23263900}
2024-01-31T15:45:22.964+01:00  INFO 17660 --- [       Thread-2] d.f.e.m.s.autoconfigure.EmbeddedMongo    : 2024-01-31T15:45:22.964+0100 I INDEX    [LogicalSessionCacheRefresh] build index on: config.system.sessions properties: { v: 2, key: { lastUse: 1 }, name: "lsidTTLIndex", ns: "config.system.sessions", expireAfterSeconds: 1800 }
2024-01-31T15:45:22.964+01:00  INFO 17660 --- [       Thread-2] d.f.e.m.s.autoconfigure.EmbeddedMongo    : 2024-01-31T15:45:22.964+0100 I INDEX    [LogicalSessionCacheRefresh] 	 building index using bulk method; build may temporarily use up to 500 megabytes of RAM
2024-01-31T15:45:22.969+01:00  INFO 17660 --- [       Thread-2] d.f.e.m.s.autoconfigure.EmbeddedMongo    : 2024-01-31T15:45:22.969+0100 I INDEX    [LogicalSessionCacheRefresh] build index done.  scanned 0 total records. 0 secs
2024-01-31T15:45:22.970+01:00  INFO 17660 --- [       Thread-2] d.f.e.m.s.autoconfigure.EmbeddedMongo    : 2024-01-31T15:45:22.970+0100 I COMMAND  [LogicalSessionCacheRefresh] command config.$cmd command: createIndexes { createIndexes: "system.sessions", indexes: [ { key: { lastUse: 1 }, name: "lsidTTLIndex", expireAfterSeconds: 1800 } ], $db: "config" } numYields:0 reslen:114 locks:{ Global: { acquireCount: { r: 1, w: 1 } }, Database: { acquireCount: { W: 1 } }, Collection: { acquireCount: { w: 1 } } } protocol:op_msg 189ms
2024-01-31T15:45:23.298+01:00  INFO 17660 --- [       Thread-2] d.f.e.m.s.autoconfigure.EmbeddedMongo    : 2024-01-31T15:45:23.299+0100 I NETWORK  [listener] connection accepted from 127.0.0.1:50819 #3 (3 connections now open)
2024-01-31T15:45:23.299+01:00  INFO 17660 --- [       Thread-2] d.f.e.m.s.autoconfigure.EmbeddedMongo    : 2024-01-31T15:45:23.299+0100 I NETWORK  [conn3] received client metadata from 127.0.0.1:50819 conn3: { driver: { name: "mongo-java-driver|sync|spring-boot", version: "4.11.1" }, os: { type: "Windows", name: "Windows 10", architecture: "amd64", version: "10.0" }, platform: "Java/Oracle Corporation/20+36-2344" }
2024-01-31T15:45:23.310+01:00  INFO 17660 --- [       Thread-2] d.f.e.m.s.autoconfigure.EmbeddedMongo    : 2024-01-31T15:45:23.310+0100 I STORAGE  [conn3] createCollection: ckb_application.battle with generated UUID: 88eca1ac-045a-4868-8eb8-c064ab998663
2024-01-31T15:45:23.408+01:00  INFO 17660 --- [       Thread-2] d.f.e.m.s.autoconfigure.EmbeddedMongo    : 2024-01-31T15:45:23.408+0100 I INDEX    [conn3] build index on: ckb_application.battle properties: { v: 2, key: { title: 1 }, name: "title", ns: "ckb_application.battle" }
2024-01-31T15:45:23.408+01:00  INFO 17660 --- [       Thread-2] d.f.e.m.s.autoconfigure.EmbeddedMongo    : 2024-01-31T15:45:23.408+0100 I INDEX    [conn3] 	 building index using bulk method; build may temporarily use up to 500 megabytes of RAM
2024-01-31T15:45:23.409+01:00  INFO 17660 --- [       Thread-2] d.f.e.m.s.autoconfigure.EmbeddedMongo    : 2024-01-31T15:45:23.409+0100 I INDEX    [conn3] build index done.  scanned 0 total records. 0 secs
2024-01-31T15:45:23.414+01:00  INFO 17660 --- [       Thread-2] d.f.e.m.s.autoconfigure.EmbeddedMongo    : 2024-01-31T15:45:23.414+0100 I STORAGE  [conn3] createCollection: ckb_application.user with generated UUID: 09050a66-8347-4394-a554-efacf52e84e9
2024-01-31T15:45:23.517+01:00  INFO 17660 --- [       Thread-2] d.f.e.m.s.autoconfigure.EmbeddedMongo    : 2024-01-31T15:45:23.517+0100 I INDEX    [conn3] build index on: ckb_application.user properties: { v: 2, unique: true, key: { username: 1 }, name: "username", ns: "ckb_application.user" }
2024-01-31T15:45:23.517+01:00  INFO 17660 --- [       Thread-2] d.f.e.m.s.autoconfigure.EmbeddedMongo    : 2024-01-31T15:45:23.517+0100 I INDEX    [conn3] 	 building index using bulk method; build may temporarily use up to 500 megabytes of RAM
2024-01-31T15:45:23.519+01:00  INFO 17660 --- [       Thread-2] d.f.e.m.s.autoconfigure.EmbeddedMongo    : 2024-01-31T15:45:23.519+0100 I INDEX    [conn3] build index done.  scanned 0 total records. 0 secs
2024-01-31T15:45:23.520+01:00  INFO 17660 --- [       Thread-2] d.f.e.m.s.autoconfigure.EmbeddedMongo    : 2024-01-31T15:45:23.520+0100 I COMMAND  [conn3] command ckb_application.$cmd command: createIndexes { createIndexes: "user", indexes: [ { key: { username: 1 }, name: "username", unique: true } ], $db: "ckb_application", lsid: { id: UUID("875a4d69-1d09-41c3-9dd2-2c8463224bac") } } numYields:0 reslen:114 locks:{ Global: { acquireCount: { r: 1, w: 1 } }, Database: { acquireCount: { W: 1 } }, Collection: { acquireCount: { w: 1 } } } protocol:op_msg 105ms
2024-01-31T15:45:23.557+01:00  INFO 17660 --- [       Thread-2] d.f.e.m.s.autoconfigure.EmbeddedMongo    : 2024-01-31T15:45:23.557+0100 I INDEX    [conn3] build index on: ckb_application.user properties: { v: 2, unique: true, key: { email: 1 }, name: "email", ns: "ckb_application.user" }
2024-01-31T15:45:23.557+01:00  INFO 17660 --- [       Thread-2] d.f.e.m.s.autoconfigure.EmbeddedMongo    : 2024-01-31T15:45:23.557+0100 I INDEX    [conn3] 	 building index using bulk method; build may temporarily use up to 500 megabytes of RAM
2024-01-31T15:45:23.559+01:00  INFO 17660 --- [       Thread-2] d.f.e.m.s.autoconfigure.EmbeddedMongo    : 2024-01-31T15:45:23.560+0100 I INDEX    [conn3] build index done.  scanned 0 total records. 0 secs
2024-01-31T15:45:23.604+01:00  INFO 17660 --- [       Thread-2] d.f.e.m.s.autoconfigure.EmbeddedMongo    : 2024-01-31T15:45:23.604+0100 I INDEX    [conn3] build index on: ckb_application.user properties: { v: 2, key: { invites.sender: 1 }, name: "invites.sender", ns: "ckb_application.user" }
2024-01-31T15:45:23.604+01:00  INFO 17660 --- [       Thread-2] d.f.e.m.s.autoconfigure.EmbeddedMongo    : 2024-01-31T15:45:23.604+0100 I INDEX    [conn3] 	 building index using bulk method; build may temporarily use up to 500 megabytes of RAM
2024-01-31T15:45:23.605+01:00  INFO 17660 --- [       Thread-2] d.f.e.m.s.autoconfigure.EmbeddedMongo    : 2024-01-31T15:45:23.606+0100 I INDEX    [conn3] build index done.  scanned 0 total records. 0 secs
2024-01-31T15:45:23.654+01:00  INFO 17660 --- [       Thread-2] d.f.e.m.s.autoconfigure.EmbeddedMongo    : 2024-01-31T15:45:23.655+0100 I INDEX    [conn3] build index on: ckb_application.user properties: { v: 2, key: { invites.receiver: 1 }, name: "invites.receiver", ns: "ckb_application.user" }
2024-01-31T15:45:23.654+01:00  INFO 17660 --- [       Thread-2] d.f.e.m.s.autoconfigure.EmbeddedMongo    : 2024-01-31T15:45:23.655+0100 I INDEX    [conn3] 	 building index using bulk method; build may temporarily use up to 500 megabytes of RAM
2024-01-31T15:45:23.655+01:00  INFO 17660 --- [       Thread-2] d.f.e.m.s.autoconfigure.EmbeddedMongo    : 2024-01-31T15:45:23.656+0100 I INDEX    [conn3] build index done.  scanned 0 total records. 0 secs
2024-01-31T15:45:23.661+01:00  INFO 17660 --- [       Thread-2] d.f.e.m.s.autoconfigure.EmbeddedMongo    : 2024-01-31T15:45:23.661+0100 I STORAGE  [conn3] createCollection: ckb_application.invite with generated UUID: ef0794d4-022a-4c07-8b67-1d29d0e74817
2024-01-31T15:45:23.766+01:00  INFO 17660 --- [       Thread-2] d.f.e.m.s.autoconfigure.EmbeddedMongo    : 2024-01-31T15:45:23.767+0100 I INDEX    [conn3] build index on: ckb_application.invite properties: { v: 2, key: { sender: 1 }, name: "sender", ns: "ckb_application.invite" }
2024-01-31T15:45:23.767+01:00  INFO 17660 --- [       Thread-2] d.f.e.m.s.autoconfigure.EmbeddedMongo    : 2024-01-31T15:45:23.767+0100 I INDEX    [conn3] 	 building index using bulk method; build may temporarily use up to 500 megabytes of RAM
2024-01-31T15:45:23.768+01:00  INFO 17660 --- [       Thread-2] d.f.e.m.s.autoconfigure.EmbeddedMongo    : 2024-01-31T15:45:23.768+0100 I INDEX    [conn3] build index done.  scanned 0 total records. 0 secs
2024-01-31T15:45:23.769+01:00  INFO 17660 --- [       Thread-2] d.f.e.m.s.autoconfigure.EmbeddedMongo    : 2024-01-31T15:45:23.769+0100 I COMMAND  [conn3] command ckb_application.$cmd command: createIndexes { createIndexes: "invite", indexes: [ { key: { sender: 1 }, name: "sender" } ], $db: "ckb_application", lsid: { id: UUID("875a4d69-1d09-41c3-9dd2-2c8463224bac") } } numYields:0 reslen:114 locks:{ Global: { acquireCount: { r: 1, w: 1 } }, Database: { acquireCount: { W: 1 } }, Collection: { acquireCount: { w: 1 } } } protocol:op_msg 107ms
2024-01-31T15:45:23.825+01:00  INFO 17660 --- [       Thread-2] d.f.e.m.s.autoconfigure.EmbeddedMongo    : 2024-01-31T15:45:23.825+0100 I INDEX    [conn3] build index on: ckb_application.invite properties: { v: 2, key: { receiver: 1 }, name: "receiver", ns: "ckb_application.invite" }
2024-01-31T15:45:23.825+01:00  INFO 17660 --- [       Thread-2] d.f.e.m.s.autoconfigure.EmbeddedMongo    : 2024-01-31T15:45:23.825+0100 I INDEX    [conn3] 	 building index using bulk method; build may temporarily use up to 500 megabytes of RAM
2024-01-31T15:45:23.827+01:00  INFO 17660 --- [       Thread-2] d.f.e.m.s.autoconfigure.EmbeddedMongo    : 2024-01-31T15:45:23.827+0100 I INDEX    [conn3] build index done.  scanned 0 total records. 0 secs
2024-01-31T15:45:23.836+01:00  INFO 17660 --- [       Thread-2] d.f.e.m.s.autoconfigure.EmbeddedMongo    : 2024-01-31T15:45:23.835+0100 I STORAGE  [conn3] createCollection: ckb_application.tournament with generated UUID: 0643f21b-492a-48da-a8d6-cdb2e174afcd
2024-01-31T15:45:23.923+01:00  INFO 17660 --- [       Thread-2] d.f.e.m.s.autoconfigure.EmbeddedMongo    : 2024-01-31T15:45:23.923+0100 I INDEX    [conn3] build index on: ckb_application.tournament properties: { v: 2, unique: true, key: { title: 1 }, name: "title", ns: "ckb_application.tournament" }
2024-01-31T15:45:23.923+01:00  INFO 17660 --- [       Thread-2] d.f.e.m.s.autoconfigure.EmbeddedMongo    : 2024-01-31T15:45:23.923+0100 I INDEX    [conn3] 	 building index using bulk method; build may temporarily use up to 500 megabytes of RAM
2024-01-31T15:45:23.924+01:00  INFO 17660 --- [       Thread-2] d.f.e.m.s.autoconfigure.EmbeddedMongo    : 2024-01-31T15:45:23.924+0100 I INDEX    [conn3] build index done.  scanned 0 total records. 0 secs
2024-01-31T15:45:23.953+01:00  INFO 17660 --- [       Thread-2] d.f.e.m.s.autoconfigure.EmbeddedMongo    : 2024-01-31T15:45:23.954+0100 I INDEX    [conn3] build index on: ckb_application.tournament properties: { v: 2, key: { battles.title: 1 }, name: "battles.title", ns: "ckb_application.tournament" }
2024-01-31T15:45:23.954+01:00  INFO 17660 --- [       Thread-2] d.f.e.m.s.autoconfigure.EmbeddedMongo    : 2024-01-31T15:45:23.954+0100 I INDEX    [conn3] 	 building index using bulk method; build may temporarily use up to 500 megabytes of RAM
2024-01-31T15:45:23.955+01:00  INFO 17660 --- [       Thread-2] d.f.e.m.s.autoconfigure.EmbeddedMongo    : 2024-01-31T15:45:23.955+0100 I INDEX    [conn3] build index done.  scanned 0 total records. 0 secs
2024-01-31T15:45:24.153+01:00  INFO 17660 --- [           main] B.C.battle.GetBattleTest                 : Started GetBattleTest in 3.708 seconds (process running for 8.001)
]]></system-out>
  </testcase>
  <testcase name="shouldFindBattleAsEducator" classname="BersaniChiappiniFraschini.CKBApplicationServer.battle.GetBattleTest" time="0.012"/>
  <testcase name="shouldNotFindBattle" classname="BersaniChiappiniFraschini.CKBApplicationServer.battle.GetBattleTest" time="0.01"/>
</testsuite>